<?xml version="1.0" encoding="UTF-8"?>
<testsuite xmlns:xsi="http://www.w3.org/2001/XMLSchema-instance" xsi:noNamespaceSchemaLocation="https://maven.apache.org/surefire/maven-surefire-plugin/xsd/surefire-test-report-3.0.xsd" version="3.0" name="org.example.lab11.Lab11ApplicationTests" time="2.798" tests="1" errors="0" skipped="0" failures="0">
  <properties>
[...]
</properties>
  <testcase name="contextLoads" classname="org.example.lab11.Lab11ApplicationTests" time="0.893">
    <system-out><![CDATA[16:37:21.090 [main] INFO org.springframework.test.context.support.AnnotationConfigContextLoaderUtils -- Could not detect default configuration classes for test class [org.example.lab11.Lab11ApplicationTests]: Lab11ApplicationTests does not declare any static, non-private, non-final, nested classes annotated with @Configuration.
16:37:21.212 [main] INFO org.springframework.boot.test.context.SpringBootTestContextBootstrapper -- Found @SpringBootConfiguration org.example.lab11.Lab11Application for test class org.example.lab11.Lab11ApplicationTests

  .   ____          _            __ _ _
 /\\ / ___'_ __ _ _(_)_ __  __ _ \ \ \ \
( ( )\___ | '_ | '_| | '_ \/ _` | \ \ \ \
 \\/  ___)| |_)| | | | | || (_| |  ) ) ) )
  '  |____| .__|_| |_|_| |_\__, | / / / /
 =========|_|==============|___/=/_/_/_/
 :: Spring Boot ::                (v3.2.4)

2024-03-27T16:37:21.637-04:00  INFO 181044 --- [lab11] [           main] o.example.lab11.Lab11ApplicationTests    : Starting Lab11ApplicationTests using Java 17.0.9 with PID 181044 (started by laiqixiao in D:\CSDIY\EGEN\lab\w11\lab11)
2024-03-27T16:37:21.639-04:00  INFO 181044 --- [lab11] [           main] o.example.lab11.Lab11ApplicationTests    : No active profile set, falling back to 1 default profile: "default"
2024-03-27T16:37:22.803-04:00  INFO 181044 --- [lab11] [           main] o.example.lab11.Lab11ApplicationTests    : Started Lab11ApplicationTests in 1.416 seconds (process running for 2.378)
]]></system-out>
  </testcase>
</testsuite>